# JRE version: Java(TM) SE Runtime Environment (8.0_181-b13) (build 1.8.0_181-b13)
# Java VM: Java HotSpot(TM) 64-Bit Server VM (25.181-b13 mixed mode windows-amd64 compressed oops)
Heap:
 PSYoungGen      total 111616K, used 39025K [0x00000000d5d00000, 0x00000000dd700000, 0x0000000100000000)
  eden space 102400K, 38% used [0x00000000d5d00000,0x00000000d831c560,0x00000000dc100000)
  from space 9216K, 0% used [0x00000000dcb80000,0x00000000dcb80000,0x00000000dd480000)
  to   space 10752K, 0% used [0x00000000dc100000,0x00000000dc100000,0x00000000dcb80000)
 ParOldGen       total 93696K, used 14425K [0x0000000081600000, 0x0000000087180000, 0x00000000d5d00000)
  object space 93696K, 15% used [0x0000000081600000,0x00000000824167e0,0x0000000087180000)
 Metaspace       used 37321K, capacity 37560K, committed 37976K, reserved 1081344K
  class space    used 5318K, capacity 5390K, committed 5504K, reserved 1048576K
GC Heap History (10 events):
Event: 3.036 GC heap before
{Heap before GC invocations=4 (full 0):
 PSYoungGen      total 38400K, used 24338K [0x00000000d5d00000, 0x00000000da800000, 0x0000000100000000)
  eden space 33280K, 57% used [0x00000000d5d00000,0x00000000d6fc63e0,0x00000000d7d80000)
  from space 5120K, 99% used [0x00000000d7d80000,0x00000000d827e810,0x00000000d8280000)
  to   space 5120K, 0% used [0x00000000da300000,0x00000000da300000,0x00000000da800000)
 ParOldGen       total 87552K, used 3458K [0x0000000081600000, 0x0000000086b80000, 0x00000000d5d00000)
  object space 87552K, 3% used [0x0000000081600000,0x00000000819608f8,0x0000000086b80000)
 Metaspace       used 20845K, capacity 21012K, committed 21248K, reserved 1067008K
  class space    used 2900K, capacity 2974K, committed 3072K, reserved 1048576K
Event: 3.042 GC heap after
Heap after GC invocations=4 (full 0):
 PSYoungGen      total 71680K, used 5116K [0x00000000d5d00000, 0x00000000da800000, 0x0000000100000000)
  eden space 66560K, 0% used [0x00000000d5d00000,0x00000000d5d00000,0x00000000d9e00000)
  from space 5120K, 99% used [0x00000000da300000,0x00000000da7ff228,0x00000000da800000)
  to   space 5120K, 0% used [0x00000000d9e00000,0x00000000d9e00000,0x00000000da300000)
 ParOldGen       total 87552K, used 4788K [0x0000000081600000, 0x0000000086b80000, 0x00000000d5d00000)
  object space 87552K, 5% used [0x0000000081600000,0x0000000081aad190,0x0000000086b80000)
 Metaspace       used 20845K, capacity 21012K, committed 21248K, reserved 1067008K
  class space    used 2900K, capacity 2974K, committed 3072K, reserved 1048576K
}
Event: 3.042 GC heap before
{Heap before GC invocations=5 (full 1):
 PSYoungGen      total 71680K, used 5116K [0x00000000d5d00000, 0x00000000da800000, 0x0000000100000000)
  eden space 66560K, 0% used [0x00000000d5d00000,0x00000000d5d00000,0x00000000d9e00000)
  from space 5120K, 99% used [0x00000000da300000,0x00000000da7ff228,0x00000000da800000)
  to   space 5120K, 0% used [0x00000000d9e00000,0x00000000d9e00000,0x00000000da300000)
 ParOldGen       total 87552K, used 4788K [0x0000000081600000, 0x0000000086b80000, 0x00000000d5d00000)
  object space 87552K, 5% used [0x0000000081600000,0x0000000081aad190,0x0000000086b80000)
 Metaspace       used 20845K, capacity 21012K, committed 21248K, reserved 1067008K
  class space    used 2900K, capacity 2974K, committed 3072K, reserved 1048576K
Event: 3.072 GC heap after
Heap after GC invocations=5 (full 1):
 PSYoungGen      total 71680K, used 0K [0x00000000d5d00000, 0x00000000da800000, 0x0000000100000000)
  eden space 66560K, 0% used [0x00000000d5d00000,0x00000000d5d00000,0x00000000d9e00000)
  from space 5120K, 0% used [0x00000000da300000,0x00000000da300000,0x00000000da800000)
  to   space 5120K, 0% used [0x00000000d9e00000,0x00000000d9e00000,0x00000000da300000)
 ParOldGen       total 55808K, used 6345K [0x0000000081600000, 0x0000000084c80000, 0x00000000d5d00000)
  object space 55808K, 11% used [0x0000000081600000,0x0000000081c32588,0x0000000084c80000)
 Metaspace       used 20845K, capacity 21012K, committed 21248K, reserved 1067008K
  class space    used 2900K, capacity 2974K, committed 3072K, reserved 1048576K
}
Event: 4.169 GC heap before
{Heap before GC invocations=6 (full 1):
 PSYoungGen      total 71680K, used 66560K [0x00000000d5d00000, 0x00000000da800000, 0x0000000100000000)
  eden space 66560K, 100% used [0x00000000d5d00000,0x00000000d9e00000,0x00000000d9e00000)
  from space 5120K, 0% used [0x00000000da300000,0x00000000da300000,0x00000000da800000)
  to   space 5120K, 0% used [0x00000000d9e00000,0x00000000d9e00000,0x00000000da300000)
 ParOldGen       total 55808K, used 6345K [0x0000000081600000, 0x0000000084c80000, 0x00000000d5d00000)
  object space 55808K, 11% used [0x0000000081600000,0x0000000081c32588,0x0000000084c80000)
 Metaspace       used 29922K, capacity 30154K, committed 30592K, reserved 1075200K
  class space    used 4120K, capacity 4203K, committed 4224K, reserved 1048576K
Event: 4.179 GC heap after
Heap after GC invocations=6 (full 1):
 PSYoungGen      total 71680K, used 5094K [0x00000000d5d00000, 0x00000000dd480000, 0x0000000100000000)
  eden space 66560K, 0% used [0x00000000d5d00000,0x00000000d5d00000,0x00000000d9e00000)
  from space 5120K, 99% used [0x00000000d9e00000,0x00000000da2f9ac8,0x00000000da300000)
  to   space 9216K, 0% used [0x00000000dcb80000,0x00000000dcb80000,0x00000000dd480000)
 ParOldGen       total 55808K, used 10812K [0x0000000081600000, 0x0000000084c80000, 0x00000000d5d00000)
  object space 55808K, 19% used [0x0000000081600000,0x000000008208f050,0x0000000084c80000)
 Metaspace       used 29922K, capacity 30154K, committed 30592K, reserved 1075200K
  class space    used 4120K, capacity 4203K, committed 4224K, reserved 1048576K
}
Event: 4.958 GC heap before
{Heap before GC invocations=7 (full 1):
 PSYoungGen      total 71680K, used 62044K [0x00000000d5d00000, 0x00000000dd480000, 0x0000000100000000)
  eden space 66560K, 85% used [0x00000000d5d00000,0x00000000d949d778,0x00000000d9e00000)
  from space 5120K, 99% used [0x00000000d9e00000,0x00000000da2f9ac8,0x00000000da300000)
  to   space 9216K, 0% used [0x00000000dcb80000,0x00000000dcb80000,0x00000000dd480000)
 ParOldGen       total 55808K, used 10812K [0x0000000081600000, 0x0000000084c80000, 0x00000000d5d00000)
  object space 55808K, 19% used [0x0000000081600000,0x000000008208f050,0x0000000084c80000)
 Metaspace       used 34795K, capacity 35032K, committed 35416K, reserved 1079296K
  class space    used 4819K, capacity 4910K, committed 4992K, reserved 1048576K
Event: 4.967 GC heap after
Heap after GC invocations=7 (full 1):
 PSYoungGen      total 111616K, used 9208K [0x00000000d5d00000, 0x00000000dd700000, 0x0000000100000000)
  eden space 102400K, 0% used [0x00000000d5d00000,0x00000000d5d00000,0x00000000dc100000)
  from space 9216K, 99% used [0x00000000dcb80000,0x00000000dd47e3e8,0x00000000dd480000)
  to   space 10752K, 0% used [0x00000000dc100000,0x00000000dc100000,0x00000000dcb80000)
 ParOldGen       total 55808K, used 11826K [0x0000000081600000, 0x0000000084c80000, 0x00000000d5d00000)
  object space 55808K, 21% used [0x0000000081600000,0x000000008218cbd0,0x0000000084c80000)
 Metaspace       used 34795K, capacity 35032K, committed 35416K, reserved 1079296K
  class space    used 4819K, capacity 4910K, committed 4992K, reserved 1048576K
}
Event: 4.967 GC heap before
{Heap before GC invocations=8 (full 2):
 PSYoungGen      total 111616K, used 9208K [0x00000000d5d00000, 0x00000000dd700000, 0x0000000100000000)
  eden space 102400K, 0% used [0x00000000d5d00000,0x00000000d5d00000,0x00000000dc100000)
  from space 9216K, 99% used [0x00000000dcb80000,0x00000000dd47e3e8,0x00000000dd480000)
  to   space 10752K, 0% used [0x00000000dc100000,0x00000000dc100000,0x00000000dcb80000)
 ParOldGen       total 55808K, used 11826K [0x0000000081600000, 0x0000000084c80000, 0x00000000d5d00000)
  object space 55808K, 21% used [0x0000000081600000,0x000000008218cbd0,0x0000000084c80000)
 Metaspace       used 34795K, capacity 35032K, committed 35416K, reserved 1079296K
  class space    used 4819K, capacity 4910K, committed 4992K, reserved 1048576K
Event: 5.011 GC heap after
Heap after GC invocations=8 (full 2):
 PSYoungGen      total 111616K, used 0K [0x00000000d5d00000, 0x00000000dd700000, 0x0000000100000000)
  eden space 102400K, 0% used [0x00000000d5d00000,0x00000000d5d00000,0x00000000dc100000)
  from space 9216K, 0% used [0x00000000dcb80000,0x00000000dcb80000,0x00000000dd480000)
  to   space 10752K, 0% used [0x00000000dc100000,0x00000000dc100000,0x00000000dcb80000)
 ParOldGen       total 93696K, used 14425K [0x0000000081600000, 0x0000000087180000, 0x00000000d5d00000)
  object space 93696K, 15% used [0x0000000081600000,0x00000000824167e0,0x0000000087180000)
 Metaspace       used 34795K, capacity 35032K, committed 35416K, reserved 1079296K
  class space    used 4819K, capacity 4910K, committed 4992K, reserved 1048576K
}

